<?xml version="1.0" encoding="UTF-8"?>
<!-- Generated by org.testng.reporters.JUnitReportReporter -->
<testsuite hostname="DESKTOP-RILUU24" failures="0" tests="1" name="com.actitime.timetrack.Demo" time="0.033" errors="0" timestamp="2020-08-06T21:12:06 IST" skipped="0">
  <testcase classname="com.actitime.timetrack.Demo" name="runTest" time="0.033"/>
  <system-out>
Successfully running Successfully running Successfully running Successfully running Successfully running Successfully running  </system-out>
</testsuite> <!-- com.actitime.timetrack.Demo -->
