<?xml version="1.0" encoding="UTF-8"?>
<!-- Generated by org.testng.reporters.JUnitReportReporter -->
<testsuite hostname="DESKTOP-RILUU24" failures="0" tests="1" name="com.actitime.timetrack.Demo" time="0.029" errors="0" timestamp="2020-08-15T08:01:51 IST" skipped="0">
  <testcase classname="com.actitime.timetrack.Demo" name="runTest" time="0.029"/>
  <system-out>
Successfully running Hi i am Abhiram are able to see me in jenkins???  </system-out>
</testsuite> <!-- com.actitime.timetrack.Demo -->
